<?xml version="1.0" encoding="UTF-8"?>
<testsuite xmlns:xsi="http://www.w3.org/2001/XMLSchema-instance" xsi:noNamespaceSchemaLocation="https://maven.apache.org/surefire/maven-surefire-plugin/xsd/surefire-test-report-3.0.xsd" version="3.0" name="com.tutorial.mywebapp.MywebappApplicationTests" time="2.62" tests="1" errors="0" skipped="0" failures="0">
  <properties>
[...]
</properties>
  <testcase name="contextLoads" classname="com.tutorial.mywebapp.MywebappApplicationTests" time="0.792">
    <system-out><![CDATA[18:57:35.403 [main] INFO org.springframework.test.context.support.AnnotationConfigContextLoaderUtils -- Could not detect default configuration classes for test class [com.tutorial.mywebapp.MywebappApplicationTests]: MywebappApplicationTests does not declare any static, non-private, non-final, nested classes annotated with @Configuration.
18:57:35.497 [main] INFO org.springframework.boot.test.context.SpringBootTestContextBootstrapper -- Found @SpringBootConfiguration com.tutorial.mywebapp.MywebappApplication for test class com.tutorial.mywebapp.MywebappApplicationTests

  .   ____          _            __ _ _
 /\\ / ___'_ __ _ _(_)_ __  __ _ \ \ \ \
( ( )\___ | '_ | '_| | '_ \/ _` | \ \ \ \
 \\/  ___)| |_)| | | | | || (_| |  ) ) ) )
  '  |____| .__|_| |_|_| |_\__, | / / / /
 =========|_|==============|___/=/_/_/_/

 :: Spring Boot ::                (v3.3.1)

2024-06-28T18:57:35.841+02:00  INFO 24996 --- [mywebapp] [           main] c.t.mywebapp.MywebappApplicationTests    : Starting MywebappApplicationTests using Java 21.0.1 with PID 24996 (started by aless in C:\Users\aless\springboot-workspace\jsb-tutorial-1)
2024-06-28T18:57:35.842+02:00  INFO 24996 --- [mywebapp] [           main] c.t.mywebapp.MywebappApplicationTests    : No active profile set, falling back to 1 default profile: "default"
2024-06-28T18:57:37.075+02:00  INFO 24996 --- [mywebapp] [           main] c.t.mywebapp.MywebappApplicationTests    : Started MywebappApplicationTests in 1.454 seconds (process running for 2.254)
]]></system-out>
    <system-err><![CDATA[WARNING: A Java agent has been loaded dynamically (C:\Users\aless\.m2\repository\net\bytebuddy\byte-buddy-agent\1.14.17\byte-buddy-agent-1.14.17.jar)
WARNING: If a serviceability tool is in use, please run with -XX:+EnableDynamicAgentLoading to hide this warning
WARNING: If a serviceability tool is not in use, please run with -Djdk.instrument.traceUsage for more information
WARNING: Dynamic loading of agents will be disallowed by default in a future release
]]></system-err>
  </testcase>
</testsuite>